TN:
SF:src\components\Forms\Button\index.tsx
FN:14,Button
FNF:1
FNH:1
FNDA:3,Button
DA:15,3
LF:1
LH:1
BRF:0
BRH:0
end_of_record
TN:
SF:src\components\Forms\CategorySelectButton\index.tsx
FN:15,CategorySelectButton
FNF:1
FNH:1
FNDA:2,CategorySelectButton
DA:16,2
LF:1
LH:1
BRF:0
BRH:0
end_of_record
TN:
SF:src\components\Forms\Input\index.tsx
FN:12,Input
FNF:1
FNH:1
FNDA:6,Input
DA:16,6
LF:1
LH:1
BRDA:13,0,0,4
BRF:1
BRH:1
end_of_record
TN:
SF:src\components\Forms\InputForm\index.tsx
FN:17,InputForm
FN:27,(anonymous_1)
FNF:2
FNH:2
FNDA:4,InputForm
FNDA:4,(anonymous_1)
DA:23,4
DA:28,4
LF:2
LH:2
BRDA:36,0,0,4
BRDA:36,0,1,0
BRF:2
BRH:1
end_of_record
TN:
SF:src\components\Forms\TransactionTypeButton\index.tsx
FN:23,TransactionTypeButton
FNF:1
FNH:1
FNDA:4,TransactionTypeButton
DA:12,1
DA:29,4
LF:2
LH:2
BRF:0
BRH:0
end_of_record
TN:
SF:src\components\HighlightCard\index.tsx
FN:25,HighlightCard
FNF:1
FNH:0
FNDA:0,HighlightCard
DA:19,0
DA:31,0
LF:2
LH:0
BRF:0
BRH:0
end_of_record
TN:
SF:src\components\HistoryCard\index.tsx
FN:15,HistoryCard
FNF:1
FNH:0
FNDA:0,HistoryCard
DA:20,0
LF:1
LH:0
BRF:0
BRH:0
end_of_record
TN:
SF:src\components\SignInSocialButton\index.tsx
FN:17,SignInSocialButton
FNF:1
FNH:0
FNDA:0,SignInSocialButton
DA:22,0
LF:1
LH:0
BRF:0
BRH:0
end_of_record
TN:
SF:src\components\TransactionCard\index.tsx
FN:32,TransactionCard
FN:33,(anonymous_1)
FNF:2
FNH:0
FNDA:0,TransactionCard
FNDA:0,(anonymous_1)
DA:33,0
DA:35,0
LF:2
LH:0
BRDA:42,0,0,0
BRDA:42,0,1,0
BRF:2
BRH:0
end_of_record
TN:
SF:src\hooks\auth.tsx
FN:43,AuthProvider
FN:49,signInWithGoogle
FN:77,signInWithApple
FN:106,signOut
FN:111,(anonymous_4)
FN:112,loadStorageData
FN:138,useAuth
FNF:7
FNH:5
FNDA:3,AuthProvider
FNDA:1,signInWithGoogle
FNDA:0,signInWithApple
FNDA:0,signOut
FNDA:1,(anonymous_4)
FNDA:1,loadStorageData
FNDA:5,useAuth
DA:9,2
DA:10,2
DA:41,2
DA:44,3
DA:45,3
DA:47,3
DA:50,1
DA:51,1
DA:52,1
DA:54,1
DA:56,1
DA:59,1
DA:60,1
DA:61,1
DA:62,1
DA:69,1
DA:73,0
DA:78,0
DA:79,0
DA:86,0
DA:88,0
DA:89,0
DA:90,0
DA:91,0
DA:98,0
DA:99,0
DA:102,0
DA:107,0
DA:108,0
DA:111,3
DA:113,1
DA:115,1
DA:116,0
DA:117,0
DA:119,1
DA:122,1
DA:125,3
DA:139,5
DA:140,5
LF:39
LH:24
BRDA:59,0,0,1
BRDA:59,0,1,0
BRDA:88,1,0,0
BRDA:88,1,1,0
BRDA:115,2,0,0
BRDA:115,2,1,1
BRF:6
BRH:2
end_of_record
TN:
SF:src\routes\app.routes.tsx
FN:15,AppRoutes
FN:34,(anonymous_1)
FN:47,(anonymous_2)
FN:60,(anonymous_3)
FNF:4
FNH:0
FNDA:0,AppRoutes
FNDA:0,(anonymous_1)
FNDA:0,(anonymous_2)
FNDA:0,(anonymous_3)
DA:8,0
DA:16,0
DA:18,0
DA:35,0
DA:48,0
DA:61,0
LF:6
LH:0
BRF:0
BRH:0
end_of_record
TN:
SF:src\routes\auth.routes.tsx
FN:9,AuthRoutes
FNF:1
FNH:0
FNDA:0,AuthRoutes
DA:7,0
DA:10,0
LF:2
LH:0
BRF:0
BRH:0
end_of_record
TN:
SF:src\routes\index.tsx
FN:9,Routes
FNF:1
FNH:0
FNDA:0,Routes
DA:10,0
DA:11,0
DA:12,0
LF:3
LH:0
BRDA:14,0,0,0
BRDA:14,0,1,0
BRF:2
BRH:0
end_of_record
TN:
SF:src\screens\CategorySelect\index.tsx
FN:30,CategorySelect
FN:35,handleCategorySelect
FN:49,(anonymous_2)
FN:50,(anonymous_3)
FN:52,(anonymous_4)
FN:59,(anonymous_5)
FN:65,(anonymous_6)
FNF:7
FNH:4
FNDA:1,CategorySelect
FNDA:0,handleCategorySelect
FNDA:6,(anonymous_2)
FNDA:6,(anonymous_3)
FNDA:0,(anonymous_4)
FNDA:5,(anonymous_5)
FNDA:0,(anonymous_6)
DA:36,0
DA:40,1
DA:49,6
DA:51,6
DA:52,0
DA:59,5
DA:65,0
LF:7
LH:4
BRF:0
BRH:0
end_of_record
TN:
SF:src\screens\Dashboard\index.tsx
FN:48,Dashboard
FN:58,getLastTransactionDate
FN:63,(anonymous_2)
FN:71,(anonymous_3)
FN:72,(anonymous_4)
FN:78,loadTransactions
FN:80,(anonymous_6)
FN:87,(anonymous_7)
FN:152,(anonymous_8)
FN:156,(anonymous_9)
FN:215,(anonymous_10)
FN:216,(anonymous_11)
FNF:12
FNH:0
FNDA:0,Dashboard
FNDA:0,getLastTransactionDate
FNDA:0,(anonymous_2)
FNDA:0,(anonymous_3)
FNDA:0,(anonymous_4)
FNDA:0,loadTransactions
FNDA:0,(anonymous_6)
FNDA:0,(anonymous_7)
FNDA:0,(anonymous_8)
FNDA:0,(anonymous_9)
FNDA:0,(anonymous_10)
FNDA:0,(anonymous_11)
DA:49,0
DA:50,0
DA:51,0
DA:53,0
DA:54,0
DA:62,0
DA:63,0
DA:65,0
DA:66,0
DA:69,0
DA:71,0
DA:72,0
DA:75,0
DA:79,0
DA:80,0
DA:81,0
DA:83,0
DA:84,0
DA:86,0
DA:89,0
DA:90,0
DA:92,0
DA:95,0
DA:101,0
DA:107,0
DA:117,0
DA:119,0
DA:120,0
DA:121,0
DA:123,0
DA:125,0
DA:148,0
DA:152,0
DA:153,0
DA:156,0
DA:157,0
DA:160,0
DA:215,0
DA:216,0
LF:39
LH:0
BRDA:65,0,0,0
BRDA:65,0,1,0
BRDA:81,1,0,0
BRDA:81,1,1,0
BRDA:89,2,0,0
BRDA:89,2,1,0
BRDA:121,3,0,0
BRDA:121,3,1,0
BRDA:131,4,0,0
BRDA:131,4,1,0
BRDA:138,5,0,0
BRDA:138,5,1,0
BRDA:163,6,0,0
BRDA:163,6,1,0
BRF:14
BRH:0
end_of_record
TN:
SF:src\screens\Profile\index.tsx
FN:5,Profile
FN:26,(anonymous_1)
FNF:2
FNH:1
FNDA:4,Profile
FNDA:0,(anonymous_1)
DA:6,4
LF:1
LH:1
BRF:0
BRH:0
end_of_record
TN:
SF:src\screens\Register\index.tsx
FN:46,Register
FN:68,handleTransactionTypeSelect
FN:72,handleOpenSelectCategoryModal
FN:73,(anonymous_3)
FN:78,handleCloseSelectCategoryModal
FN:82,handleRegister
FN:157,(anonymous_6)
FN:163,(anonymous_7)
FN:171,(anonymous_8)
FNF:9
FNH:4
FNDA:2,Register
FNDA:0,handleTransactionTypeSelect
FNDA:1,handleOpenSelectCategoryModal
FNDA:1,(anonymous_3)
FNDA:0,handleCloseSelectCategoryModal
FNDA:0,handleRegister
FNDA:0,(anonymous_6)
FNDA:0,(anonymous_7)
FNDA:1,(anonymous_8)
DA:41,1
DA:47,2
DA:48,2
DA:50,2
DA:52,2
DA:57,2
DA:64,2
DA:69,0
DA:73,1
DA:74,1
DA:79,0
DA:83,0
DA:84,0
DA:86,0
DA:87,0
DA:90,0
DA:98,0
DA:100,0
DA:101,0
DA:102,0
DA:104,0
DA:109,0
DA:110,0
DA:114,0
DA:116,0
DA:118,0
DA:121,0
DA:122,0
DA:128,2
DA:157,0
DA:163,0
DA:171,1
LF:32
LH:11
BRDA:83,0,0,0
BRDA:83,0,1,0
BRDA:86,1,0,0
BRDA:86,1,1,0
BRDA:102,2,0,0
BRDA:102,2,1,0
BRDA:143,3,0,2
BRDA:143,3,1,0
BRDA:150,4,0,2
BRDA:150,4,1,0
BRF:10
BRH:2
end_of_record
TN:
SF:src\screens\Resume\index.tsx
FN:48,Resume
FN:55,handleChangeData
FN:63,loadData
FN:70,(anonymous_3)
FN:77,(anonymous_4)
FN:83,(anonymous_5)
FN:86,(anonymous_6)
FN:120,(anonymous_7)
FN:148,(anonymous_8)
FN:156,(anonymous_9)
FN:165,(anonymous_10)
FN:180,(anonymous_11)
FNF:12
FNH:0
FNDA:0,Resume
FNDA:0,handleChangeData
FNDA:0,loadData
FNDA:0,(anonymous_3)
FNDA:0,(anonymous_4)
FNDA:0,(anonymous_5)
FNDA:0,(anonymous_6)
FNDA:0,(anonymous_7)
FNDA:0,(anonymous_8)
FNDA:0,(anonymous_9)
FNDA:0,(anonymous_10)
FNDA:0,(anonymous_11)
DA:49,0
DA:50,0
DA:51,0
DA:52,0
DA:53,0
DA:56,0
DA:57,0
DA:59,0
DA:64,0
DA:65,0
DA:66,0
DA:67,0
DA:69,0
DA:71,0
DA:76,0
DA:78,0
DA:81,0
DA:83,0
DA:84,0
DA:86,0
DA:87,0
DA:88,0
DA:92,0
DA:93,0
DA:99,0
DA:104,0
DA:115,0
DA:116,0
DA:120,0
DA:121,0
DA:124,0
DA:148,0
DA:156,0
DA:165,0
DA:181,0
LF:35
LH:0
BRDA:56,0,0,0
BRDA:56,0,1,0
BRDA:67,1,0,0
BRDA:67,1,1,0
BRDA:71,2,0,0
BRDA:71,2,1,0
BRDA:71,2,2,0
BRDA:87,3,0,0
BRDA:87,3,1,0
BRDA:92,4,0,0
BRDA:92,4,1,0
BRDA:131,5,0,0
BRDA:131,5,1,0
BRF:13
BRH:0
end_of_record
TN:
SF:src\screens\SignIn\index.tsx
FN:23,SignIn
FN:28,handleSignInWithGoogle
FN:39,handleSignInWithApple
FNF:3
FNH:0
FNDA:0,SignIn
FNDA:0,handleSignInWithGoogle
FNDA:0,handleSignInWithApple
DA:24,0
DA:25,0
DA:26,0
DA:29,0
DA:30,0
DA:31,0
DA:33,0
DA:34,0
DA:35,0
DA:40,0
DA:41,0
DA:42,0
DA:44,0
DA:45,0
DA:46,0
DA:50,0
LF:16
LH:0
BRDA:78,0,0,0
BRDA:78,0,1,0
BRDA:86,1,0,0
BRDA:86,1,1,0
BRF:4
BRH:0
end_of_record
